<?xml version="1.0" encoding="UTF-8"?>
<!-- Generated by org.testng.reporters.JUnitXMLReporter -->
<testsuite hostname="DESKTOP-QQ1T9UV" ignored="1" name="Test" tests="1" failures="0" timestamp="05 Dec 2018 20:11:48 GMT" time="13.904" errors="0">
  <testcase name="testBookingCase1" time="5.662" classname="com.booking.BookingTests"/>
  <testcase name="testBookingCase2" time="0.0" classname="com.booking.BookingTests">
    <ignored/>
  </testcase> <!-- testBookingCase2 -->
</testsuite> <!-- Test -->
