<?xml version="1.0" encoding="UTF-8"?>
<testng-results skipped="0" failed="0" ignored="0" total="2" passed="2">
  <reporter-output>
  </reporter-output>
  <suite name="Suite" duration-ms="27429" started-at="2018-12-06T19:05:22Z" finished-at="2018-12-06T19:05:49Z">
    <groups>
    </groups>
    <test name="Test" duration-ms="27429" started-at="2018-12-06T19:05:22Z" finished-at="2018-12-06T19:05:49Z">
      <class name="com.booking.BookingTests">
        <test-method status="PASS" signature="setUp()[pri:0, instance:com.booking.BookingTests@3f446bef]" name="setUp" is-config="true" duration-ms="3635" started-at="2018-12-06T19:05:22Z" finished-at="2018-12-06T19:05:25Z">
          <reporter-output>
          </reporter-output>
        </test-method> <!-- setUp -->
        <test-method status="PASS" signature="goToMainPage(java.lang.String)[pri:0, instance:com.booking.BookingTests@3f446bef]" name="goToMainPage" is-config="true" duration-ms="1973" started-at="2018-12-06T19:05:25Z" finished-at="2018-12-06T19:05:27Z">
          <params>
            <param index="0">
              <value>
                <![CDATA[https://www.booking.com]]>
              </value>
            </param>
          </params>
          <reporter-output>
          </reporter-output>
        </test-method> <!-- goToMainPage -->
        <test-method status="PASS" signature="testBookingCase1()[pri:0, instance:com.booking.BookingTests@3f446bef]" name="testBookingCase1" duration-ms="6844" started-at="2018-12-06T19:05:27Z" finished-at="2018-12-06T19:05:34Z">
          <reporter-output>
          </reporter-output>
        </test-method> <!-- testBookingCase1 -->
        <test-method status="PASS" signature="closeTabs()[pri:0, instance:com.booking.BookingTests@3f446bef]" name="closeTabs" is-config="true" duration-ms="11" started-at="2018-12-06T19:05:34Z" finished-at="2018-12-06T19:05:34Z">
          <reporter-output>
          </reporter-output>
        </test-method> <!-- closeTabs -->
        <test-method status="PASS" signature="goToMainPage(java.lang.String)[pri:0, instance:com.booking.BookingTests@3f446bef]" name="goToMainPage" is-config="true" duration-ms="1294" started-at="2018-12-06T19:05:34Z" finished-at="2018-12-06T19:05:36Z">
          <params>
            <param index="0">
              <value>
                <![CDATA[https://www.booking.com]]>
              </value>
            </param>
          </params>
          <reporter-output>
          </reporter-output>
        </test-method> <!-- goToMainPage -->
        <test-method status="PASS" signature="testBookingCase2(double)[pri:0, instance:com.booking.BookingTests@3f446bef]" name="testBookingCase2" duration-ms="12338" started-at="2018-12-06T19:05:36Z" finished-at="2018-12-06T19:05:48Z">
          <params>
            <param index="0">
              <value>
                <![CDATA[9.0]]>
              </value>
            </param>
          </params>
          <reporter-output>
          </reporter-output>
        </test-method> <!-- testBookingCase2 -->
        <test-method status="PASS" signature="closeTabs()[pri:0, instance:com.booking.BookingTests@3f446bef]" name="closeTabs" is-config="true" duration-ms="48" started-at="2018-12-06T19:05:48Z" finished-at="2018-12-06T19:05:48Z">
          <reporter-output>
          </reporter-output>
        </test-method> <!-- closeTabs -->
        <test-method status="PASS" signature="tearDown()[pri:0, instance:com.booking.BookingTests@3f446bef]" name="tearDown" is-config="true" duration-ms="1042" started-at="2018-12-06T19:05:48Z" finished-at="2018-12-06T19:05:49Z">
          <reporter-output>
          </reporter-output>
        </test-method> <!-- tearDown -->
      </class> <!-- com.booking.BookingTests -->
    </test> <!-- Test -->
  </suite> <!-- Suite -->
</testng-results>
